<?xml version="1.0" encoding="UTF-8"?>
<!-- Generated by org.testng.reporters.JUnitReportReporter -->
<testsuite hostname="MAVBCP3547" failures="0" tests="4" name="com.sabbproject.examples.Parallel" time="0.017" errors="0" timestamp="2021-12-01T14:09:54 IST" skipped="0">
  <testcase classname="com.sabbproject.examples.Parallel" name="testCase2" time="0.002"/>
  <system-out/>
  <testcase classname="com.sabbproject.examples.Parallel" name="testCase4" time="0.003"/>
  <system-out/>
  <testcase classname="com.sabbproject.examples.Parallel" name="testCase1" time="0.010"/>
  <system-out/>
  <testcase classname="com.sabbproject.examples.Parallel" name="testCase3" time="0.002"/>
  <system-out/>
</testsuite> <!-- com.sabbproject.examples.Parallel -->
