<?xml version="1.0" encoding="UTF-8"?>
<!-- Generated by org.testng.reporters.JUnitReportReporter -->
<testsuite hostname="MAVBCP3547" failures="0" tests="3" name="com.sabbproject.examples.Assersions" time="0.012" errors="0" timestamp="2021-12-01T13:14:50 IST" skipped="0">
  <testcase classname="com.sabbproject.examples.Assersions" name="testofail" time="0.003"/>
  <system-out/>
  <testcase classname="com.sabbproject.examples.Assersions" name="tryAssertNotEquals" time="0.003"/>
  <system-out/>
  <testcase classname="com.sabbproject.examples.Assersions" name="testpass" time="0.006"/>
  <system-out/>
</testsuite> <!-- com.sabbproject.examples.Assersions -->
