<?xml version="1.0" encoding="UTF-8"?>
<!-- Generated by org.testng.reporters.JUnitReportReporter -->
<testsuite hostname="MAVBCP3547" failures="0" tests="1" name="com.sabbproject.examples.Assersions$Assetions" time="0.015" errors="0" timestamp="2021-12-01T13:14:50 IST" skipped="0">
  <testcase classname="com.sabbproject.examples.Assersions$Assetions" name="title" time="0.015"/>
  <system-out/>
</testsuite> <!-- com.sabbproject.examples.Assersions$Assetions -->
