<?xml version="1.0" encoding="UTF-8"?>
<!-- Generated by org.testng.reporters.JUnitReportReporter -->
<testsuite hostname="MAVBCP3547" failures="0" tests="3" name="com.sabbproject.examples.Annotations" time="0.015" errors="0" timestamp="2021-12-01T10:50:01 IST" skipped="0">
  <testcase classname="com.sabbproject.examples.Annotations" name="secondTest" time="0.004"/>
  <system-out/>
  <testcase classname="com.sabbproject.examples.Annotations" name="thirdTest" time="0.003"/>
  <system-out/>
  <testcase classname="com.sabbproject.examples.Annotations" name="firstTest" time="0.008"/>
  <system-out/>
</testsuite> <!-- com.sabbproject.examples.Annotations -->
