<?xml version="1.0" encoding="UTF-8"?>
<!-- Generated by org.testng.reporters.JUnitReportReporter -->
<testsuite hostname="MAVBCP3547" failures="0" tests="3" name="com.sabbproject.examples.Dataprovider" time="0.010" errors="0" timestamp="2021-12-01T13:24:12 IST" skipped="0">
  <testcase classname="com.sabbproject.examples.Dataprovider" name="testMethod1" time="0.002"/>
  <system-out/>
  <testcase classname="com.sabbproject.examples.Dataprovider" name="testMethod1" time="0.001"/>
  <system-out/>
  <testcase classname="com.sabbproject.examples.Dataprovider" name="testMethod1" time="0.007"/>
  <system-out/>
</testsuite> <!-- com.sabbproject.examples.Dataprovider -->
