<?xml version="1.0" encoding="UTF-8"?>
<!-- Generated by org.testng.reporters.JUnitReportReporter -->
<testsuite hostname="MAVBCP3547" failures="0" tests="1" name="com.sabbproject.examples.Grouping" time="0.010" errors="0" timestamp="2021-12-02T13:10:49 IST" skipped="0">
  <testcase classname="com.sabbproject.examples.Grouping" name="myTestB" time="0.010"/>
  <system-out/>
</testsuite> <!-- com.sabbproject.examples.Grouping -->
